# probe started at 1781585247 endpoint=http://localhost:28080/checkout/health
1781585247 pass 6
# probe started at 1781585300 endpoint=http://localhost:28080/checkout/health
1781585300 pass 11
1781585305 pass 6
1781585310 pass 6
1781585315 pass 6
1781585320 pass 6
1781585325 pass 6
1781585330 pass 7
1781585335 pass 7
1781585340 pass 6
1781585345 pass 6
1781585350 pass 7
1781585355 pass 6
1781585360 pass 6
1781585365 pass 6
1781585370 pass 6
1781585375 fail 000000 2007
1781585382 pass 6
1781585387 pass 6
1781585392 pass 7
1781585397 pass 6
1781585402 pass 6
1781585407 fail 000000 5
1781585412 pass 19
1781585417 pass 6
1781585422 pass 6
1781585427 pass 6
1781585432 pass 6
1781585437 pass 6
1781585442 pass 6
1781585447 fail 200 506
1781585452 pass 6
1781585457 pass 6
1781585462 pass 6
1781585467 pass 6
1781585472 pass 6
1781585477 pass 6
1781585482 pass 6
1781585487 fail 000000 7
